{"contracts/ERC20Blockable.sol":{"l":{"26":129,"34":0,"36":0,"37":0,"45":0,"47":0,"48":0,"59":43,"60":43,"61":43,"62":43},"path":"/home/vigan/Desktop/thc/thc-smart-contracts-sol/contracts/ERC20Blockable.sol","s":{"1":129,"2":0,"3":0,"4":0,"5":0,"6":0,"7":0,"8":43,"9":43,"10":43,"11":43},"b":{"1":[0,0],"2":[0,0],"3":[43,0],"4":[43,0],"5":[43,0]},"f":{"1":129,"2":0,"3":0,"4":43},"fnMap":{"1":{"name":"isAccountBlocked","line":25,"loc":{"start":{"line":25,"column":2},"end":{"line":27,"column":2}}},"2":{"name":"_blockAccount","line":33,"loc":{"start":{"line":33,"column":2},"end":{"line":38,"column":2}}},"3":{"name":"_unblockAccount","line":44,"loc":{"start":{"line":44,"column":2},"end":{"line":49,"column":2}}},"4":{"name":"_beforeTokenTransfer","line":54,"loc":{"start":{"line":54,"column":2},"end":{"line":63,"column":2}}}},"statementMap":{"1":{"start":{"line":26,"column":4},"end":{"line":26,"column":36}},"2":{"start":{"line":34,"column":4},"end":{"line":34,"column":84}},"3":{"start":{"line":36,"column":4},"end":{"line":36,"column":35}},"4":{"start":{"line":37,"column":4},"end":{"line":37,"column":49}},"5":{"start":{"line":45,"column":4},"end":{"line":45,"column":79}},"6":{"start":{"line":47,"column":4},"end":{"line":47,"column":36}},"7":{"start":{"line":48,"column":4},"end":{"line":48,"column":51}},"8":{"start":{"line":59,"column":4},"end":{"line":59,"column":94}},"9":{"start":{"line":60,"column":4},"end":{"line":60,"column":94}},"10":{"start":{"line":61,"column":4},"end":{"line":61,"column":102}},"11":{"start":{"line":62,"column":4},"end":{"line":62,"column":47}}},"branchMap":{"1":{"line":34,"type":"if","locations":[{"start":{"line":34,"column":4},"end":{"line":34,"column":4}},{"start":{"line":34,"column":4},"end":{"line":34,"column":4}}]},"2":{"line":45,"type":"if","locations":[{"start":{"line":45,"column":4},"end":{"line":45,"column":4}},{"start":{"line":45,"column":4},"end":{"line":45,"column":4}}]},"3":{"line":59,"type":"if","locations":[{"start":{"line":59,"column":4},"end":{"line":59,"column":4}},{"start":{"line":59,"column":4},"end":{"line":59,"column":4}}]},"4":{"line":60,"type":"if","locations":[{"start":{"line":60,"column":4},"end":{"line":60,"column":4}},{"start":{"line":60,"column":4},"end":{"line":60,"column":4}}]},"5":{"line":61,"type":"if","locations":[{"start":{"line":61,"column":4},"end":{"line":61,"column":4}},{"start":{"line":61,"column":4},"end":{"line":61,"column":4}}]}}},"contracts/ERC20DynamicCap.sol":{"l":{"23":6,"30":3,"37":0,"45":6,"46":6,"47":6,"48":6,"49":6,"50":6,"57":3,"58":3},"path":"/home/vigan/Desktop/thc/thc-smart-contracts-sol/contracts/ERC20DynamicCap.sol","s":{"1":6,"2":3,"3":0,"4":6,"5":6,"6":6,"7":6,"8":6,"9":6,"10":3,"11":3},"b":{"1":[6,0],"2":[6,0],"3":[6,0],"4":[3,0]},"f":{"1":6,"2":3,"3":0,"4":6,"5":3},"fnMap":{"1":{"name":"constructor","line":22,"loc":{"start":{"line":22,"column":2},"end":{"line":24,"column":2}}},"2":{"name":"cap","line":29,"loc":{"start":{"line":29,"column":2},"end":{"line":31,"column":2}}},"3":{"name":"updateCap","line":36,"loc":{"start":{"line":36,"column":2},"end":{"line":38,"column":2}}},"4":{"name":"_updateCap","line":44,"loc":{"start":{"line":44,"column":2},"end":{"line":51,"column":2}}},"5":{"name":"_mint","line":56,"loc":{"start":{"line":56,"column":2},"end":{"line":59,"column":2}}}},"statementMap":{"1":{"start":{"line":23,"column":4},"end":{"line":23,"column":19}},"2":{"start":{"line":30,"column":4},"end":{"line":30,"column":15}},"3":{"start":{"line":37,"column":4},"end":{"line":37,"column":19}},"4":{"start":{"line":45,"column":4},"end":{"line":45,"column":56}},"5":{"start":{"line":46,"column":4},"end":{"line":46,"column":69}},"6":{"start":{"line":47,"column":4},"end":{"line":47,"column":90}},"7":{"start":{"line":48,"column":4},"end":{"line":48,"column":26}},"8":{"start":{"line":49,"column":4},"end":{"line":49,"column":14}},"9":{"start":{"line":50,"column":4},"end":{"line":50,"column":48}},"10":{"start":{"line":57,"column":4},"end":{"line":57,"column":76}},"11":{"start":{"line":58,"column":4},"end":{"line":58,"column":31}}},"branchMap":{"1":{"line":45,"type":"if","locations":[{"start":{"line":45,"column":4},"end":{"line":45,"column":4}},{"start":{"line":45,"column":4},"end":{"line":45,"column":4}}]},"2":{"line":46,"type":"if","locations":[{"start":{"line":46,"column":4},"end":{"line":46,"column":4}},{"start":{"line":46,"column":4},"end":{"line":46,"column":4}}]},"3":{"line":47,"type":"if","locations":[{"start":{"line":47,"column":4},"end":{"line":47,"column":4}},{"start":{"line":47,"column":4},"end":{"line":47,"column":4}}]},"4":{"line":57,"type":"if","locations":[{"start":{"line":57,"column":4},"end":{"line":57,"column":4}},{"start":{"line":57,"column":4},"end":{"line":57,"column":4}}]}}},"contracts/ERC20LockedFunds.sol":{"l":{"38":0,"46":0,"60":0,"61":0,"75":0,"76":0,"80":0,"94":0,"95":0,"109":0,"110":0,"111":0,"112":0,"117":0,"118":0,"120":0,"134":0,"135":0,"136":0,"138":0,"139":0,"144":0,"145":0,"147":0,"158":43,"160":43,"162":3,"165":40,"166":40,"167":40,"168":40,"169":40,"171":40,"176":38,"177":0,"178":0,"179":0,"181":0},"path":"/home/vigan/Desktop/thc/thc-smart-contracts-sol/contracts/ERC20LockedFunds.sol","s":{"1":0,"2":0,"3":0,"4":0,"5":0,"6":0,"7":0,"8":0,"9":0,"10":0,"11":0,"12":0,"13":0,"14":0,"15":0,"16":0,"17":0,"18":0,"19":0,"20":0,"21":0,"22":0,"23":0,"24":0,"25":43,"26":43,"27":3,"28":40,"29":40,"30":40,"31":40,"32":40,"33":40,"34":38,"35":0,"36":0,"37":0,"38":0},"b":{"1":[0,0],"2":[0,0],"3":[0,0],"4":[0,0],"5":[0,0],"6":[0,0],"7":[0,0],"8":[0,0],"9":[0,0],"10":[0,0],"11":[0,0],"12":[0,0],"13":[0,0],"14":[3,40],"15":[38,2],"16":[0,38]},"f":{"1":0,"2":0,"3":0,"4":0,"5":0,"6":0,"7":0,"8":43},"fnMap":{"1":{"name":"lockedBalanceOf","line":37,"loc":{"start":{"line":37,"column":2},"end":{"line":39,"column":2}}},"2":{"name":"lockedBalancePerAccount","line":45,"loc":{"start":{"line":45,"column":2},"end":{"line":47,"column":2}}},"3":{"name":"lockAmount","line":55,"loc":{"start":{"line":55,"column":2},"end":{"line":62,"column":2}}},"4":{"name":"lockAmountFrom","line":70,"loc":{"start":{"line":70,"column":2},"end":{"line":81,"column":2}}},"5":{"name":"unlockAmount","line":89,"loc":{"start":{"line":89,"column":2},"end":{"line":96,"column":2}}},"6":{"name":"_lockAmount","line":104,"loc":{"start":{"line":104,"column":2},"end":{"line":121,"column":2}}},"7":{"name":"_unlockAmount","line":129,"loc":{"start":{"line":129,"column":2},"end":{"line":148,"column":2}}},"8":{"name":"_beforeTokenTransfer","line":153,"loc":{"start":{"line":153,"column":2},"end":{"line":183,"column":2}}}},"statementMap":{"1":{"start":{"line":38,"column":4},"end":{"line":38,"column":35}},"2":{"start":{"line":46,"column":4},"end":{"line":46,"column":51}},"3":{"start":{"line":60,"column":4},"end":{"line":60,"column":78}},"4":{"start":{"line":61,"column":4},"end":{"line":61,"column":38}},"5":{"start":{"line":75,"column":4},"end":{"line":75,"column":86}},"6":{"start":{"line":76,"column":4},"end":{"line":76,"column":2417}},"7":{"start":{"line":80,"column":4},"end":{"line":80,"column":38}},"8":{"start":{"line":94,"column":4},"end":{"line":94,"column":86}},"9":{"start":{"line":95,"column":4},"end":{"line":95,"column":40}},"10":{"start":{"line":109,"column":4},"end":{"line":109,"column":79}},"11":{"start":{"line":110,"column":4},"end":{"line":110,"column":79}},"12":{"start":{"line":111,"column":4},"end":{"line":111,"column":91}},"13":{"start":{"line":112,"column":4},"end":{"line":112,"column":3662}},"14":{"start":{"line":117,"column":4},"end":{"line":117,"column":35}},"15":{"start":{"line":118,"column":4},"end":{"line":118,"column":53}},"16":{"start":{"line":120,"column":4},"end":{"line":120,"column":44}},"17":{"start":{"line":134,"column":4},"end":{"line":134,"column":81}},"18":{"start":{"line":135,"column":4},"end":{"line":135,"column":81}},"19":{"start":{"line":136,"column":4},"end":{"line":136,"column":93}},"20":{"start":{"line":138,"column":4},"end":{"line":138,"column":108}},"21":{"start":{"line":139,"column":4},"end":{"line":139,"column":4658}},"22":{"start":{"line":144,"column":4},"end":{"line":144,"column":35}},"23":{"start":{"line":145,"column":4},"end":{"line":145,"column":53}},"24":{"start":{"line":147,"column":4},"end":{"line":147,"column":46}},"25":{"start":{"line":158,"column":4},"end":{"line":158,"column":47}},"26":{"start":{"line":160,"column":4},"end":{"line":160,"column":5181}},"27":{"start":{"line":162,"column":6},"end":{"line":162,"column":12}},"28":{"start":{"line":165,"column":4},"end":{"line":165,"column":33}},"29":{"start":{"line":166,"column":4},"end":{"line":166,"column":50}},"30":{"start":{"line":167,"column":4},"end":{"line":167,"column":41}},"31":{"start":{"line":168,"column":4},"end":{"line":168,"column":54}},"32":{"start":{"line":169,"column":4},"end":{"line":169,"column":69}},"33":{"start":{"line":171,"column":4},"end":{"line":171,"column":5566}},"34":{"start":{"line":176,"column":4},"end":{"line":176,"column":5724}},"35":{"start":{"line":177,"column":6},"end":{"line":177,"column":82}},"36":{"start":{"line":178,"column":6},"end":{"line":178,"column":82}},"37":{"start":{"line":179,"column":6},"end":{"line":179,"column":43}},"38":{"start":{"line":181,"column":6},"end":{"line":181,"column":59}}},"branchMap":{"1":{"line":60,"type":"if","locations":[{"start":{"line":60,"column":4},"end":{"line":60,"column":4}},{"start":{"line":60,"column":4},"end":{"line":60,"column":4}}]},"2":{"line":75,"type":"if","locations":[{"start":{"line":75,"column":4},"end":{"line":75,"column":4}},{"start":{"line":75,"column":4},"end":{"line":75,"column":4}}]},"3":{"line":76,"type":"if","locations":[{"start":{"line":76,"column":4},"end":{"line":76,"column":4}},{"start":{"line":76,"column":4},"end":{"line":76,"column":4}}]},"4":{"line":94,"type":"if","locations":[{"start":{"line":94,"column":4},"end":{"line":94,"column":4}},{"start":{"line":94,"column":4},"end":{"line":94,"column":4}}]},"5":{"line":109,"type":"if","locations":[{"start":{"line":109,"column":4},"end":{"line":109,"column":4}},{"start":{"line":109,"column":4},"end":{"line":109,"column":4}}]},"6":{"line":110,"type":"if","locations":[{"start":{"line":110,"column":4},"end":{"line":110,"column":4}},{"start":{"line":110,"column":4},"end":{"line":110,"column":4}}]},"7":{"line":111,"type":"if","locations":[{"start":{"line":111,"column":4},"end":{"line":111,"column":4}},{"start":{"line":111,"column":4},"end":{"line":111,"column":4}}]},"8":{"line":112,"type":"if","locations":[{"start":{"line":112,"column":4},"end":{"line":112,"column":4}},{"start":{"line":112,"column":4},"end":{"line":112,"column":4}}]},"9":{"line":134,"type":"if","locations":[{"start":{"line":134,"column":4},"end":{"line":134,"column":4}},{"start":{"line":134,"column":4},"end":{"line":134,"column":4}}]},"10":{"line":135,"type":"if","locations":[{"start":{"line":135,"column":4},"end":{"line":135,"column":4}},{"start":{"line":135,"column":4},"end":{"line":135,"column":4}}]},"11":{"line":136,"type":"if","locations":[{"start":{"line":136,"column":4},"end":{"line":136,"column":4}},{"start":{"line":136,"column":4},"end":{"line":136,"column":4}}]},"12":{"line":138,"type":"if","locations":[{"start":{"line":138,"column":4},"end":{"line":138,"column":4}},{"start":{"line":138,"column":4},"end":{"line":138,"column":4}}]},"13":{"line":139,"type":"if","locations":[{"start":{"line":139,"column":4},"end":{"line":139,"column":4}},{"start":{"line":139,"column":4},"end":{"line":139,"column":4}}]},"14":{"line":160,"type":"if","locations":[{"start":{"line":160,"column":4},"end":{"line":160,"column":4}},{"start":{"line":160,"column":4},"end":{"line":160,"column":4}}]},"15":{"line":171,"type":"if","locations":[{"start":{"line":171,"column":4},"end":{"line":171,"column":4}},{"start":{"line":171,"column":4},"end":{"line":171,"column":4}}]},"16":{"line":176,"type":"if","locations":[{"start":{"line":176,"column":4},"end":{"line":176,"column":4}},{"start":{"line":176,"column":4},"end":{"line":176,"column":4}}]}}},"contracts/ThriveCoinERC20Token.sol":{"l":{"62":3,"63":3,"76":0,"83":0,"90":0,"94":0,"101":0,"105":0,"112":0,"113":0,"114":0,"115":0,"122":3,"133":43,"140":3,"147":3,"148":3},"path":"/home/vigan/Desktop/thc/thc-smart-contracts-sol/contracts/ThriveCoinERC20Token.sol","s":{"1":3,"2":3,"3":0,"4":0,"5":0,"6":0,"7":0,"8":0,"9":0,"10":0,"11":0,"12":0,"13":3,"14":43,"15":3,"16":3,"17":3},"b":{"1":[0,0],"2":[0,0],"3":[3,0]},"f":{"1":3,"2":0,"3":0,"4":0,"5":0,"6":0,"7":3,"8":43,"9":3,"10":3},"fnMap":{"1":{"name":"constructor","line":61,"loc":{"start":{"line":55,"column":2},"end":{"line":64,"column":2}}},"2":{"name":"decimals","line":75,"loc":{"start":{"line":75,"column":2},"end":{"line":77,"column":2}}},"3":{"name":"updateCap","line":82,"loc":{"start":{"line":82,"column":2},"end":{"line":84,"column":2}}},"4":{"name":"blockAccount","line":89,"loc":{"start":{"line":89,"column":2},"end":{"line":95,"column":2}}},"5":{"name":"unblockAccount","line":100,"loc":{"start":{"line":100,"column":2},"end":{"line":106,"column":2}}},"6":{"name":"transferOwnership","line":111,"loc":{"start":{"line":111,"column":2},"end":{"line":116,"column":2}}},"7":{"name":"_setupDecimals","line":121,"loc":{"start":{"line":121,"column":2},"end":{"line":123,"column":2}}},"8":{"name":"_beforeTokenTransfer","line":128,"loc":{"start":{"line":128,"column":2},"end":{"line":134,"column":2}}},"9":{"name":"_mint","line":139,"loc":{"start":{"line":139,"column":2},"end":{"line":141,"column":2}}},"10":{"name":"_updateCap","line":146,"loc":{"start":{"line":146,"column":2},"end":{"line":149,"column":2}}}},"statementMap":{"1":{"start":{"line":62,"column":4},"end":{"line":62,"column":28}},"2":{"start":{"line":63,"column":4},"end":{"line":63,"column":31}},"3":{"start":{"line":76,"column":4},"end":{"line":76,"column":20}},"4":{"start":{"line":83,"column":4},"end":{"line":83,"column":24}},"5":{"start":{"line":90,"column":4},"end":{"line":90,"column":3345}},"6":{"start":{"line":94,"column":4},"end":{"line":94,"column":25}},"7":{"start":{"line":101,"column":4},"end":{"line":101,"column":3645}},"8":{"start":{"line":105,"column":4},"end":{"line":105,"column":27}},"9":{"start":{"line":112,"column":4},"end":{"line":112,"column":36}},"10":{"start":{"line":113,"column":4},"end":{"line":113,"column":43}},"11":{"start":{"line":114,"column":4},"end":{"line":114,"column":36}},"12":{"start":{"line":115,"column":4},"end":{"line":115,"column":36}},"13":{"start":{"line":122,"column":4},"end":{"line":122,"column":24}},"14":{"start":{"line":133,"column":4},"end":{"line":133,"column":47}},"15":{"start":{"line":140,"column":4},"end":{"line":140,"column":41}},"16":{"start":{"line":147,"column":4},"end":{"line":147,"column":70}},"17":{"start":{"line":148,"column":4},"end":{"line":148,"column":25}}},"branchMap":{"1":{"line":90,"type":"if","locations":[{"start":{"line":90,"column":4},"end":{"line":90,"column":4}},{"start":{"line":90,"column":4},"end":{"line":90,"column":4}}]},"2":{"line":101,"type":"if","locations":[{"start":{"line":101,"column":4},"end":{"line":101,"column":4}},{"start":{"line":101,"column":4},"end":{"line":101,"column":4}}]},"3":{"line":147,"type":"if","locations":[{"start":{"line":147,"column":4},"end":{"line":147,"column":4}},{"start":{"line":147,"column":4},"end":{"line":147,"column":4}}]}}},"contracts/ThriveCoinERC20TokenPolygon.sol":{"l":{"40":3,"42":3,"43":3,"45":3,"60":0,"61":0,"74":0,"75":0,"89":0,"96":0,"103":0,"107":0,"114":0,"118":0,"125":0,"126":0,"127":0,"134":3,"145":0,"152":0,"159":3,"160":3,"169":0,"170":0,"177":0,"180":0,"181":0,"189":0},"path":"/home/vigan/Desktop/thc/thc-smart-contracts-sol/contracts/ThriveCoinERC20TokenPolygon.sol","s":{"1":3,"2":3,"3":3,"4":3,"5":0,"6":0,"7":0,"8":0,"9":0,"10":0,"11":0,"12":0,"13":0,"14":0,"15":0,"16":0,"17":0,"18":3,"19":0,"20":0,"21":3,"22":3,"23":0,"24":0,"25":0,"26":0,"27":0,"28":0},"b":{"1":[0,0],"2":[0,0],"3":[0,0],"4":[0,0],"5":[3,0],"6":[0,0],"7":[0,0]},"f":{"1":3,"2":0,"3":0,"4":0,"5":0,"6":0,"7":0,"8":0,"9":3,"10":0,"11":0,"12":3,"13":0,"14":0,"15":0},"fnMap":{"1":{"name":"constructor","line":39,"loc":{"start":{"line":33,"column":2},"end":{"line":46,"column":2}}},"2":{"name":"pause","line":59,"loc":{"start":{"line":59,"column":2},"end":{"line":62,"column":2}}},"3":{"name":"unpause","line":73,"loc":{"start":{"line":73,"column":2},"end":{"line":76,"column":2}}},"4":{"name":"decimals","line":88,"loc":{"start":{"line":88,"column":2},"end":{"line":90,"column":2}}},"5":{"name":"updateCap","line":95,"loc":{"start":{"line":95,"column":2},"end":{"line":97,"column":2}}},"6":{"name":"blockAccount","line":102,"loc":{"start":{"line":102,"column":2},"end":{"line":108,"column":2}}},"7":{"name":"unblockAccount","line":113,"loc":{"start":{"line":113,"column":2},"end":{"line":119,"column":2}}},"8":{"name":"transferOwnership","line":124,"loc":{"start":{"line":124,"column":2},"end":{"line":128,"column":2}}},"9":{"name":"_setupDecimals","line":133,"loc":{"start":{"line":133,"column":2},"end":{"line":135,"column":2}}},"10":{"name":"_beforeTokenTransfer","line":140,"loc":{"start":{"line":140,"column":2},"end":{"line":146,"column":2}}},"11":{"name":"_mint","line":151,"loc":{"start":{"line":151,"column":2},"end":{"line":153,"column":2}}},"12":{"name":"_updateCap","line":158,"loc":{"start":{"line":158,"column":2},"end":{"line":161,"column":2}}},"13":{"name":"updateChildChainManager","line":168,"loc":{"start":{"line":168,"column":2},"end":{"line":171,"column":2}}},"14":{"name":"deposit","line":176,"loc":{"start":{"line":176,"column":2},"end":{"line":182,"column":2}}},"15":{"name":"withdraw","line":188,"loc":{"start":{"line":188,"column":2},"end":{"line":190,"column":2}}}},"statementMap":{"1":{"start":{"line":40,"column":4},"end":{"line":40,"column":28}},"2":{"start":{"line":42,"column":4},"end":{"line":42,"column":47}},"3":{"start":{"line":43,"column":4},"end":{"line":43,"column":40}},"4":{"start":{"line":45,"column":4},"end":{"line":45,"column":51}},"5":{"start":{"line":60,"column":4},"end":{"line":60,"column":109}},"6":{"start":{"line":61,"column":4},"end":{"line":61,"column":11}},"7":{"start":{"line":74,"column":4},"end":{"line":74,"column":111}},"8":{"start":{"line":75,"column":4},"end":{"line":75,"column":13}},"9":{"start":{"line":89,"column":4},"end":{"line":89,"column":20}},"10":{"start":{"line":96,"column":4},"end":{"line":96,"column":24}},"11":{"start":{"line":103,"column":4},"end":{"line":103,"column":2949}},"12":{"start":{"line":107,"column":4},"end":{"line":107,"column":25}},"13":{"start":{"line":114,"column":4},"end":{"line":114,"column":3256}},"14":{"start":{"line":118,"column":4},"end":{"line":118,"column":27}},"15":{"start":{"line":125,"column":4},"end":{"line":125,"column":36}},"16":{"start":{"line":126,"column":4},"end":{"line":126,"column":43}},"17":{"start":{"line":127,"column":4},"end":{"line":127,"column":36}},"18":{"start":{"line":134,"column":4},"end":{"line":134,"column":24}},"19":{"start":{"line":145,"column":4},"end":{"line":145,"column":47}},"20":{"start":{"line":152,"column":4},"end":{"line":152,"column":41}},"21":{"start":{"line":159,"column":4},"end":{"line":159,"column":77}},"22":{"start":{"line":160,"column":4},"end":{"line":160,"column":25}},"23":{"start":{"line":169,"column":4},"end":{"line":169,"column":101}},"24":{"start":{"line":170,"column":4},"end":{"line":170,"column":53}},"25":{"start":{"line":177,"column":4},"end":{"line":177,"column":111}},"26":{"start":{"line":180,"column":4},"end":{"line":180,"column":55}},"27":{"start":{"line":181,"column":4},"end":{"line":181,"column":22}},"28":{"start":{"line":189,"column":4},"end":{"line":189,"column":30}}},"branchMap":{"1":{"line":60,"type":"if","locations":[{"start":{"line":60,"column":4},"end":{"line":60,"column":4}},{"start":{"line":60,"column":4},"end":{"line":60,"column":4}}]},"2":{"line":74,"type":"if","locations":[{"start":{"line":74,"column":4},"end":{"line":74,"column":4}},{"start":{"line":74,"column":4},"end":{"line":74,"column":4}}]},"3":{"line":103,"type":"if","locations":[{"start":{"line":103,"column":4},"end":{"line":103,"column":4}},{"start":{"line":103,"column":4},"end":{"line":103,"column":4}}]},"4":{"line":114,"type":"if","locations":[{"start":{"line":114,"column":4},"end":{"line":114,"column":4}},{"start":{"line":114,"column":4},"end":{"line":114,"column":4}}]},"5":{"line":159,"type":"if","locations":[{"start":{"line":159,"column":4},"end":{"line":159,"column":4}},{"start":{"line":159,"column":4},"end":{"line":159,"column":4}}]},"6":{"line":169,"type":"if","locations":[{"start":{"line":169,"column":4},"end":{"line":169,"column":4}},{"start":{"line":169,"column":4},"end":{"line":169,"column":4}}]},"7":{"line":177,"type":"if","locations":[{"start":{"line":177,"column":4},"end":{"line":177,"column":4}},{"start":{"line":177,"column":4},"end":{"line":177,"column":4}}]}}},"contracts/ThriveCoinVestingSchedule.sol":{"l":{"26":22,"27":20,"31":28,"32":24,"61":36,"62":34,"63":32,"64":30,"66":28,"67":28,"68":28,"69":28,"70":28,"71":28,"72":28,"73":28,"74":28,"75":28,"76":28,"80":1,"84":23,"88":45,"92":44,"96":37,"100":37,"104":33,"108":1,"112":6,"116":40,"120":3,"124":25,"128":1,"132":34,"136":36,"137":36,"138":36,"139":36,"141":36,"142":2,"145":34,"146":2,"149":32,"150":32,"151":32,"153":32,"157":18,"158":18,"160":16,"161":16,"162":16,"166":6,"167":6,"168":6,"169":6,"170":6,"174":5,"176":3,"177":3},"path":"/home/vigan/Desktop/thc/thc-smart-contracts-sol/contracts/ThriveCoinVestingSchedule.sol","s":{"1":22,"2":28,"3":36,"4":34,"5":32,"6":30,"7":28,"8":28,"9":28,"10":28,"11":28,"12":28,"13":28,"14":28,"15":28,"16":28,"17":28,"18":1,"19":23,"20":45,"21":44,"22":37,"23":37,"24":33,"25":1,"26":6,"27":40,"28":3,"29":25,"30":1,"31":34,"32":36,"33":36,"34":36,"35":36,"36":36,"37":2,"38":34,"39":2,"40":32,"41":32,"42":32,"43":32,"44":18,"45":18,"46":16,"47":16,"48":16,"49":6,"50":6,"51":6,"52":6,"53":6,"54":5,"55":3,"56":3},"b":{"1":[20,2],"2":[24,4],"3":[34,2],"4":[32,2],"5":[30,2],"6":[28,2],"7":[2,34],"8":[2,32],"9":[16,2],"10":[3,2]},"f":{"1":22,"2":28,"3":36,"4":1,"5":23,"6":45,"7":44,"8":37,"9":37,"10":33,"11":1,"12":6,"13":40,"14":3,"15":25,"16":1,"17":34,"18":36,"19":18,"20":6,"21":5},"fnMap":{"1":{"name":"onlyBeneficiary","line":25,"loc":{"start":{"line":25,"column":2},"end":{"line":28,"column":2}}},"2":{"name":"notRevoked","line":30,"loc":{"start":{"line":30,"column":2},"end":{"line":33,"column":2}}},"3":{"name":"constructor","line":49,"loc":{"start":{"line":49,"column":2},"end":{"line":77,"column":2}}},"4":{"name":"token","line":79,"loc":{"start":{"line":79,"column":2},"end":{"line":81,"column":2}}},"5":{"name":"beneficiary","line":83,"loc":{"start":{"line":83,"column":2},"end":{"line":85,"column":2}}},"6":{"name":"allocatedAmount","line":87,"loc":{"start":{"line":87,"column":2},"end":{"line":89,"column":2}}},"7":{"name":"startDay","line":91,"loc":{"start":{"line":91,"column":2},"end":{"line":93,"column":2}}},"8":{"name":"duration","line":95,"loc":{"start":{"line":95,"column":2},"end":{"line":97,"column":2}}},"9":{"name":"cliffDuration","line":99,"loc":{"start":{"line":99,"column":2},"end":{"line":101,"column":2}}},"10":{"name":"interval","line":103,"loc":{"start":{"line":103,"column":2},"end":{"line":105,"column":2}}},"11":{"name":"revokable","line":107,"loc":{"start":{"line":107,"column":2},"end":{"line":109,"column":2}}},"12":{"name":"immutableBeneficiary","line":111,"loc":{"start":{"line":111,"column":2},"end":{"line":113,"column":2}}},"13":{"name":"claimed","line":115,"loc":{"start":{"line":115,"column":2},"end":{"line":117,"column":2}}},"14":{"name":"vested","line":119,"loc":{"start":{"line":119,"column":2},"end":{"line":121,"column":2}}},"15":{"name":"available","line":123,"loc":{"start":{"line":123,"column":2},"end":{"line":125,"column":2}}},"16":{"name":"locked","line":127,"loc":{"start":{"line":127,"column":2},"end":{"line":129,"column":2}}},"17":{"name":"revoked","line":131,"loc":{"start":{"line":131,"column":2},"end":{"line":133,"column":2}}},"18":{"name":"calcVestedAmount","line":135,"loc":{"start":{"line":135,"column":2},"end":{"line":154,"column":2}}},"19":{"name":"claim","line":156,"loc":{"start":{"line":156,"column":2},"end":{"line":163,"column":2}}},"20":{"name":"revoke","line":165,"loc":{"start":{"line":165,"column":2},"end":{"line":171,"column":2}}},"21":{"name":"changeBeneficiary","line":173,"loc":{"start":{"line":173,"column":2},"end":{"line":178,"column":2}}}},"statementMap":{"1":{"start":{"line":26,"column":4},"end":{"line":26,"column":111}},"2":{"start":{"line":31,"column":4},"end":{"line":31,"column":80}},"3":{"start":{"line":61,"column":4},"end":{"line":61,"column":84}},"4":{"start":{"line":62,"column":4},"end":{"line":62,"column":96}},"5":{"start":{"line":63,"column":4},"end":{"line":63,"column":106}},"6":{"start":{"line":64,"column":4},"end":{"line":64,"column":90}},"7":{"start":{"line":66,"column":4},"end":{"line":66,"column":18}},"8":{"start":{"line":67,"column":4},"end":{"line":67,"column":30}},"9":{"start":{"line":68,"column":4},"end":{"line":68,"column":38}},"10":{"start":{"line":69,"column":4},"end":{"line":69,"column":42}},"11":{"start":{"line":70,"column":4},"end":{"line":70,"column":24}},"12":{"start":{"line":71,"column":4},"end":{"line":71,"column":34}},"13":{"start":{"line":72,"column":4},"end":{"line":72,"column":24}},"14":{"start":{"line":73,"column":4},"end":{"line":73,"column":22}},"15":{"start":{"line":74,"column":4},"end":{"line":74,"column":26}},"16":{"start":{"line":75,"column":4},"end":{"line":75,"column":48}},"17":{"start":{"line":76,"column":4},"end":{"line":76,"column":19}},"18":{"start":{"line":80,"column":4},"end":{"line":80,"column":17}},"19":{"start":{"line":84,"column":4},"end":{"line":84,"column":23}},"20":{"start":{"line":88,"column":4},"end":{"line":88,"column":27}},"21":{"start":{"line":92,"column":4},"end":{"line":92,"column":20}},"22":{"start":{"line":96,"column":4},"end":{"line":96,"column":20}},"23":{"start":{"line":100,"column":4},"end":{"line":100,"column":25}},"24":{"start":{"line":104,"column":4},"end":{"line":104,"column":20}},"25":{"start":{"line":108,"column":4},"end":{"line":108,"column":21}},"26":{"start":{"line":112,"column":4},"end":{"line":112,"column":32}},"27":{"start":{"line":116,"column":4},"end":{"line":116,"column":19}},"28":{"start":{"line":120,"column":4},"end":{"line":120,"column":44}},"29":{"start":{"line":124,"column":4},"end":{"line":124,"column":56}},"30":{"start":{"line":128,"column":4},"end":{"line":128,"column":64}},"31":{"start":{"line":132,"column":4},"end":{"line":132,"column":19}},"32":{"start":{"line":136,"column":4},"end":{"line":136,"column":30}},"33":{"start":{"line":137,"column":4},"end":{"line":137,"column":31}},"34":{"start":{"line":138,"column":4},"end":{"line":138,"column":57}},"35":{"start":{"line":139,"column":4},"end":{"line":139,"column":43}},"36":{"start":{"line":141,"column":4},"end":{"line":141,"column":4348}},"37":{"start":{"line":142,"column":6},"end":{"line":142,"column":14}},"38":{"start":{"line":145,"column":4},"end":{"line":145,"column":4424}},"39":{"start":{"line":146,"column":6},"end":{"line":146,"column":24}},"40":{"start":{"line":149,"column":4},"end":{"line":149,"column":28}},"41":{"start":{"line":150,"column":4},"end":{"line":150,"column":48}},"42":{"start":{"line":151,"column":4},"end":{"line":151,"column":58}},"43":{"start":{"line":153,"column":4},"end":{"line":153,"column":55}},"44":{"start":{"line":157,"column":4},"end":{"line":157,"column":38}},"45":{"start":{"line":158,"column":4},"end":{"line":158,"column":97}},"46":{"start":{"line":160,"column":4},"end":{"line":160,"column":21}},"47":{"start":{"line":161,"column":4},"end":{"line":161,"column":58}},"48":{"start":{"line":162,"column":4},"end":{"line":162,"column":63}},"49":{"start":{"line":166,"column":4},"end":{"line":166,"column":50}},"50":{"start":{"line":167,"column":4},"end":{"line":167,"column":26}},"51":{"start":{"line":168,"column":4},"end":{"line":168,"column":18}},"52":{"start":{"line":169,"column":4},"end":{"line":169,"column":64}},"53":{"start":{"line":170,"column":4},"end":{"line":170,"column":55}},"54":{"start":{"line":174,"column":4},"end":{"line":174,"column":98}},"55":{"start":{"line":176,"column":4},"end":{"line":176,"column":72}},"56":{"start":{"line":177,"column":4},"end":{"line":177,"column":32}}},"branchMap":{"1":{"line":26,"type":"if","locations":[{"start":{"line":26,"column":4},"end":{"line":26,"column":4}},{"start":{"line":26,"column":4},"end":{"line":26,"column":4}}]},"2":{"line":31,"type":"if","locations":[{"start":{"line":31,"column":4},"end":{"line":31,"column":4}},{"start":{"line":31,"column":4},"end":{"line":31,"column":4}}]},"3":{"line":61,"type":"if","locations":[{"start":{"line":61,"column":4},"end":{"line":61,"column":4}},{"start":{"line":61,"column":4},"end":{"line":61,"column":4}}]},"4":{"line":62,"type":"if","locations":[{"start":{"line":62,"column":4},"end":{"line":62,"column":4}},{"start":{"line":62,"column":4},"end":{"line":62,"column":4}}]},"5":{"line":63,"type":"if","locations":[{"start":{"line":63,"column":4},"end":{"line":63,"column":4}},{"start":{"line":63,"column":4},"end":{"line":63,"column":4}}]},"6":{"line":64,"type":"if","locations":[{"start":{"line":64,"column":4},"end":{"line":64,"column":4}},{"start":{"line":64,"column":4},"end":{"line":64,"column":4}}]},"7":{"line":141,"type":"if","locations":[{"start":{"line":141,"column":4},"end":{"line":141,"column":4}},{"start":{"line":141,"column":4},"end":{"line":141,"column":4}}]},"8":{"line":145,"type":"if","locations":[{"start":{"line":145,"column":4},"end":{"line":145,"column":4}},{"start":{"line":145,"column":4},"end":{"line":145,"column":4}}]},"9":{"line":158,"type":"if","locations":[{"start":{"line":158,"column":4},"end":{"line":158,"column":4}},{"start":{"line":158,"column":4},"end":{"line":158,"column":4}}]},"10":{"line":174,"type":"if","locations":[{"start":{"line":174,"column":4},"end":{"line":174,"column":4}},{"start":{"line":174,"column":4},"end":{"line":174,"column":4}}]}}}}